Determining if the function sgemm_ exists failed with the following output:
Change Dir: /home/paul/FoilBoXX/debug/CMakeFiles/CMakeTmp

Run Build Command(s):/usr/bin/make cmTC_17929/fast && /usr/bin/make  -f CMakeFiles/cmTC_17929.dir/build.make CMakeFiles/cmTC_17929.dir/build
make[1]: Verzeichnis „/home/paul/FoilBoXX/debug/CMakeFiles/CMakeTmp“ wird betreten
Building C object CMakeFiles/cmTC_17929.dir/CheckFunctionExists.c.o
/usr/bin/cc   -DCHECK_FUNCTION_EXISTS=sgemm_ -o CMakeFiles/cmTC_17929.dir/CheckFunctionExists.c.o -c /usr/share/cmake-3.18/Modules/CheckFunctionExists.c
Linking C executable cmTC_17929
/usr/bin/cmake -E cmake_link_script CMakeFiles/cmTC_17929.dir/link.txt --verbose=1
/usr/bin/cc  -DCHECK_FUNCTION_EXISTS=sgemm_ CMakeFiles/cmTC_17929.dir/CheckFunctionExists.c.o -o cmTC_17929 
/usr/bin/ld: CMakeFiles/cmTC_17929.dir/CheckFunctionExists.c.o: in function `main':
CheckFunctionExists.c:(.text+0x10): undefined reference to `sgemm_'
collect2: Fehler: ld gab 1 als Ende-Status zurück
make[1]: *** [CMakeFiles/cmTC_17929.dir/build.make:106: cmTC_17929] Fehler 1
make[1]: Verzeichnis „/home/paul/FoilBoXX/debug/CMakeFiles/CMakeTmp“ wird verlassen
make: *** [Makefile:140: cmTC_17929/fast] Fehler 2



Performing C SOURCE FILE Test CMAKE_HAVE_LIBC_PTHREAD failed with the following output:
Change Dir: /home/paul/FoilBoXX/debug/CMakeFiles/CMakeTmp

Run Build Command(s):/usr/bin/make cmTC_f8447/fast && /usr/bin/make  -f CMakeFiles/cmTC_f8447.dir/build.make CMakeFiles/cmTC_f8447.dir/build
make[1]: Verzeichnis „/home/paul/FoilBoXX/debug/CMakeFiles/CMakeTmp“ wird betreten
Building C object CMakeFiles/cmTC_f8447.dir/src.c.o
/usr/bin/cc   -DCMAKE_HAVE_LIBC_PTHREAD -o CMakeFiles/cmTC_f8447.dir/src.c.o -c /home/paul/FoilBoXX/debug/CMakeFiles/CMakeTmp/src.c
Linking C executable cmTC_f8447
/usr/bin/cmake -E cmake_link_script CMakeFiles/cmTC_f8447.dir/link.txt --verbose=1
/usr/bin/cc  -DCMAKE_HAVE_LIBC_PTHREAD CMakeFiles/cmTC_f8447.dir/src.c.o -o cmTC_f8447 
/usr/bin/ld: CMakeFiles/cmTC_f8447.dir/src.c.o: in function `main':
src.c:(.text+0x3e): undefined reference to `pthread_create'
/usr/bin/ld: src.c:(.text+0x4a): undefined reference to `pthread_detach'
/usr/bin/ld: src.c:(.text+0x56): undefined reference to `pthread_cancel'
/usr/bin/ld: src.c:(.text+0x67): undefined reference to `pthread_join'
collect2: Fehler: ld gab 1 als Ende-Status zurück
make[1]: *** [CMakeFiles/cmTC_f8447.dir/build.make:106: cmTC_f8447] Fehler 1
make[1]: Verzeichnis „/home/paul/FoilBoXX/debug/CMakeFiles/CMakeTmp“ wird verlassen
make: *** [Makefile:140: cmTC_f8447/fast] Fehler 2


Source file was:
#include <pthread.h>

void* test_func(void* data)
{
  return data;
}

int main(void)
{
  pthread_t thread;
  pthread_create(&thread, NULL, test_func, NULL);
  pthread_detach(thread);
  pthread_cancel(thread);
  pthread_join(thread, NULL);
  pthread_atfork(NULL, NULL, NULL);
  pthread_exit(NULL);

  return 0;
}

Determining if the function pthread_create exists in the pthreads failed with the following output:
Change Dir: /home/paul/FoilBoXX/debug/CMakeFiles/CMakeTmp

Run Build Command(s):/usr/bin/make cmTC_c3299/fast && /usr/bin/make  -f CMakeFiles/cmTC_c3299.dir/build.make CMakeFiles/cmTC_c3299.dir/build
make[1]: Verzeichnis „/home/paul/FoilBoXX/debug/CMakeFiles/CMakeTmp“ wird betreten
Building C object CMakeFiles/cmTC_c3299.dir/CheckFunctionExists.c.o
/usr/bin/cc   -DCHECK_FUNCTION_EXISTS=pthread_create -o CMakeFiles/cmTC_c3299.dir/CheckFunctionExists.c.o -c /usr/share/cmake-3.18/Modules/CheckFunctionExists.c
Linking C executable cmTC_c3299
/usr/bin/cmake -E cmake_link_script CMakeFiles/cmTC_c3299.dir/link.txt --verbose=1
/usr/bin/cc  -DCHECK_FUNCTION_EXISTS=pthread_create CMakeFiles/cmTC_c3299.dir/CheckFunctionExists.c.o -o cmTC_c3299  -lpthreads 
/usr/bin/ld: cannot find -lpthreads
collect2: Fehler: ld gab 1 als Ende-Status zurück
make[1]: *** [CMakeFiles/cmTC_c3299.dir/build.make:106: cmTC_c3299] Fehler 1
make[1]: Verzeichnis „/home/paul/FoilBoXX/debug/CMakeFiles/CMakeTmp“ wird verlassen
make: *** [Makefile:140: cmTC_c3299/fast] Fehler 2



Determining if the function sgesv exists failed with the following output:
Change Dir: /home/paul/FoilBoXX/debug/CMakeFiles/CMakeTmp

Run Build Command(s):/usr/bin/make cmTC_82f9e/fast && /usr/bin/make  -f CMakeFiles/cmTC_82f9e.dir/build.make CMakeFiles/cmTC_82f9e.dir/build
make[1]: Verzeichnis „/home/paul/FoilBoXX/debug/CMakeFiles/CMakeTmp“ wird betreten
Building C object CMakeFiles/cmTC_82f9e.dir/CheckFunctionExists.c.o
/usr/bin/cc   -DCHECK_FUNCTION_EXISTS=sgesv -o CMakeFiles/cmTC_82f9e.dir/CheckFunctionExists.c.o -c /usr/share/cmake-3.18/Modules/CheckFunctionExists.c
Linking C executable cmTC_82f9e
/usr/bin/cmake -E cmake_link_script CMakeFiles/cmTC_82f9e.dir/link.txt --verbose=1
/usr/bin/cc  -DCHECK_FUNCTION_EXISTS=sgesv CMakeFiles/cmTC_82f9e.dir/CheckFunctionExists.c.o -o cmTC_82f9e 
/usr/bin/ld: CMakeFiles/cmTC_82f9e.dir/CheckFunctionExists.c.o: in function `main':
CheckFunctionExists.c:(.text+0x10): undefined reference to `sgesv'
collect2: Fehler: ld gab 1 als Ende-Status zurück
make[1]: *** [CMakeFiles/cmTC_82f9e.dir/build.make:106: cmTC_82f9e] Fehler 1
make[1]: Verzeichnis „/home/paul/FoilBoXX/debug/CMakeFiles/CMakeTmp“ wird verlassen
make: *** [Makefile:140: cmTC_82f9e/fast] Fehler 2



Determining if the function sgesv_ exists failed with the following output:
Change Dir: /home/paul/FoilBoXX/debug/CMakeFiles/CMakeTmp

Run Build Command(s):/usr/bin/make cmTC_510ad/fast && /usr/bin/make  -f CMakeFiles/cmTC_510ad.dir/build.make CMakeFiles/cmTC_510ad.dir/build
make[1]: Verzeichnis „/home/paul/FoilBoXX/debug/CMakeFiles/CMakeTmp“ wird betreten
Building C object CMakeFiles/cmTC_510ad.dir/CheckFunctionExists.c.o
/usr/bin/cc   -DCHECK_FUNCTION_EXISTS=sgesv_ -o CMakeFiles/cmTC_510ad.dir/CheckFunctionExists.c.o -c /usr/share/cmake-3.18/Modules/CheckFunctionExists.c
Linking C executable cmTC_510ad
/usr/bin/cmake -E cmake_link_script CMakeFiles/cmTC_510ad.dir/link.txt --verbose=1
/usr/bin/cc  -DCHECK_FUNCTION_EXISTS=sgesv_ CMakeFiles/cmTC_510ad.dir/CheckFunctionExists.c.o -o cmTC_510ad 
/usr/bin/ld: CMakeFiles/cmTC_510ad.dir/CheckFunctionExists.c.o: in function `main':
CheckFunctionExists.c:(.text+0x10): undefined reference to `sgesv_'
collect2: Fehler: ld gab 1 als Ende-Status zurück
make[1]: *** [CMakeFiles/cmTC_510ad.dir/build.make:106: cmTC_510ad] Fehler 1
make[1]: Verzeichnis „/home/paul/FoilBoXX/debug/CMakeFiles/CMakeTmp“ wird verlassen
make: *** [Makefile:140: cmTC_510ad/fast] Fehler 2



